#
# There is insufficient memory for the Java Runtime Environment to continue.
# Native memory allocation (malloc) failed to allocate 1495696 bytes for Chunk::new
# Possible reasons:
#   The system is out of physical RAM or swap space
#   The process is running with CompressedOops enabled, and the Java Heap may be blocking the growth of the native heap
# Possible solutions:
#   Reduce memory load on the system
#   Increase physical memory or swap space
#   Check if swap backing store is full
#   Decrease Java heap size (-Xmx/-Xms)
#   Decrease number of Java threads
#   Decrease Java thread stack sizes (-Xss)
#   Set larger code cache with -XX:ReservedCodeCacheSize=
#   JVM is running with Unscaled Compressed Oops mode in which the Java heap is
#     placed in the first 4GB address space. The Java Heap base address is the
#     maximum limit for the native heap growth. Please use -XX:HeapBaseMinAddress
#     to set the Java Heap base and to place the Java Heap above 4GB virtual address.
# This output file may be truncated or incomplete.
#
#  Out of Memory Error (arena.cpp:184), pid=10736, tid=8132
#
# JRE version: OpenJDK Runtime Environment (20.0.2+9) (build 20.0.2+9-78)
# Java VM: OpenJDK 64-Bit Server VM (20.0.2+9-78, mixed mode, sharing, tiered, compressed oops, compressed class ptrs, g1 gc, windows-amd64)
# No core dump will be written. Minidumps are not enabled by default on client versions of Windows
#

---------------  S U M M A R Y ------------

Command Line: -javaagent:C:\Program Files\JetBrains\IntelliJ IDEA Community Edition 2023.3.2\lib\idea_rt.jar=59818:C:\Program Files\JetBrains\IntelliJ IDEA Community Edition 2023.3.2\bin -Dfile.encoding=UTF-8 -Dsun.stdout.encoding=UTF-8 -Dsun.stderr.encoding=UTF-8 com.sandeep.JobHub.HospitalApplication

Host: AMD Ryzen 3 3250U with Radeon Graphics         , 4 cores, 3G,  Windows 10 , 64 bit Build 19041 (10.0.19041.3636)
Time: Mon Jul 15 17:06:29 2024 India Standard Time elapsed time: 787.082470 seconds (0d 0h 13m 7s)

---------------  T H R E A D  ---------------

Current thread (0x000002affe8625b0):  JavaThread "C2 CompilerThread0" daemon [_thread_in_native, id=8132, stack(0x000000fdc5900000,0x000000fdc5a00000)]


Current CompileTask:
C2: 787082 13287   !   4       org.hibernate.sql.results.jdbc.internal.DeferredResultSetAccess::executeQuery (286 bytes)

Stack: [0x000000fdc5900000,0x000000fdc5a00000]
Native frames: (J=compiled Java code, j=interpreted, Vv=VM code, C=native code)
V  [jvm.dll+0x6bc25a]
V  [jvm.dll+0x84971a]
V  [jvm.dll+0x84b315]
V  [jvm.dll+0x84ba13]
V  [jvm.dll+0x280e4f]
V  [jvm.dll+0xc2ab1]
V  [jvm.dll+0xc2dd5]
V  [jvm.dll+0x3bb612]
V  [jvm.dll+0x1e6f13]
V  [jvm.dll+0x24b67b]
V  [jvm.dll+0x24a921]
V  [jvm.dll+0x1ce761]
V  [jvm.dll+0x25a0eb]
V  [jvm.dll+0x2587c0]
V  [jvm.dll+0x3f2dd5]
V  [jvm.dll+0x7f5c76]
V  [jvm.dll+0x6baecb]
C  [ucrtbase.dll+0x21bb2]
C  [KERNEL32.DLL+0x17344]
C  [ntdll.dll+0x526b1]


---------------  P R O C E S S  ---------------

Threads class SMR info:
_java_thread_list=0x000002afdeef1e80, length=29, elements={
0x000002affe82fe00, 0x000002affe830c00, 0x000002affe8320e0, 0x000002affe833f90,
0x000002affe8571d0, 0x000002affe85c820, 0x000002affe8625b0, 0x000002affe8651e0,
0x000002affea80b60, 0x000002affea835e0, 0x000002affea810b0, 0x000002affea82b40,
0x000002affea80610, 0x000002affea825f0, 0x000002affea83090, 0x000002affea83b30,
0x000002afe090faa0, 0x000002afe0911a80, 0x000002afe090dac0, 0x000002afe090a5a0,
0x000002afe090cad0, 0x000002afe090aaf0, 0x000002afe090a050, 0x000002afe090d020,
0x000002afe090b040, 0x000002afe090eab0, 0x000002afe090d570, 0x000002afe090e010,
0x000002afe090e560
}

Java Threads: ( => current thread )
  0x000002affe82fe00 JavaThread "Reference Handler" daemon [_thread_blocked, id=19136, stack(0x000000fdc5300000,0x000000fdc5400000)]
  0x000002affe830c00 JavaThread "Finalizer" daemon [_thread_blocked, id=6300, stack(0x000000fdc5400000,0x000000fdc5500000)]
  0x000002affe8320e0 JavaThread "Signal Dispatcher" daemon [_thread_blocked, id=12372, stack(0x000000fdc5500000,0x000000fdc5600000)]
  0x000002affe833f90 JavaThread "Attach Listener" daemon [_thread_blocked, id=10592, stack(0x000000fdc5600000,0x000000fdc5700000)]
  0x000002affe8571d0 JavaThread "Service Thread" daemon [_thread_blocked, id=9640, stack(0x000000fdc5700000,0x000000fdc5800000)]
  0x000002affe85c820 JavaThread "Monitor Deflation Thread" daemon [_thread_blocked, id=16500, stack(0x000000fdc5800000,0x000000fdc5900000)]
=>0x000002affe8625b0 JavaThread "C2 CompilerThread0" daemon [_thread_in_native, id=8132, stack(0x000000fdc5900000,0x000000fdc5a00000)]
  0x000002affe8651e0 JavaThread "C1 CompilerThread0" daemon [_thread_blocked, id=720, stack(0x000000fdc5a00000,0x000000fdc5b00000)]
  0x000002affea80b60 JavaThread "Common-Cleaner" daemon [_thread_blocked, id=14292, stack(0x000000fdc5b00000,0x000000fdc5c00000)]
  0x000002affea835e0 JavaThread "Monitor Ctrl-Break" daemon [_thread_in_native, id=16712, stack(0x000000fdc5d00000,0x000000fdc5e00000)]
  0x000002affea810b0 JavaThread "Notification Thread" daemon [_thread_blocked, id=5820, stack(0x000000fdc5e00000,0x000000fdc5f00000)]
  0x000002affea82b40 JavaThread "mysql-cj-abandoned-connection-cleanup" daemon [_thread_blocked, id=16536, stack(0x000000fdc5c00000,0x000000fdc5d00000)]
  0x000002affea80610 JavaThread "HikariPool-1 housekeeper" daemon [_thread_blocked, id=20412, stack(0x000000fdc6400000,0x000000fdc6500000)]
  0x000002affea825f0 JavaThread "Catalina-utility-1" [_thread_blocked, id=16772, stack(0x000000fdc6600000,0x000000fdc6700000)]
  0x000002affea83090 JavaThread "Catalina-utility-2" [_thread_blocked, id=16820, stack(0x000000fdc6700000,0x000000fdc6800000)]
  0x000002affea83b30 JavaThread "http-nio-8080-exec-1" daemon [_thread_blocked, id=12960, stack(0x000000fdc6800000,0x000000fdc6900000)]
  0x000002afe090faa0 JavaThread "http-nio-8080-exec-2" daemon [_thread_blocked, id=17720, stack(0x000000fdc6900000,0x000000fdc6a00000)]
  0x000002afe0911a80 JavaThread "http-nio-8080-exec-3" daemon [_thread_blocked, id=3792, stack(0x000000fdc6a00000,0x000000fdc6b00000)]
  0x000002afe090dac0 JavaThread "http-nio-8080-exec-4" daemon [_thread_blocked, id=15668, stack(0x000000fdc6b00000,0x000000fdc6c00000)]
  0x000002afe090a5a0 JavaThread "http-nio-8080-exec-5" daemon [_thread_blocked, id=6088, stack(0x000000fdc6c00000,0x000000fdc6d00000)]
  0x000002afe090cad0 JavaThread "http-nio-8080-exec-6" daemon [_thread_blocked, id=20396, stack(0x000000fdc6d00000,0x000000fdc6e00000)]
  0x000002afe090aaf0 JavaThread "http-nio-8080-exec-7" daemon [_thread_blocked, id=15176, stack(0x000000fdc6e00000,0x000000fdc6f00000)]
  0x000002afe090a050 JavaThread "http-nio-8080-exec-8" daemon [_thread_blocked, id=8908, stack(0x000000fdc6f00000,0x000000fdc7000000)]
  0x000002afe090d020 JavaThread "http-nio-8080-exec-9" daemon [_thread_blocked, id=18184, stack(0x000000fdc7000000,0x000000fdc7100000)]
  0x000002afe090b040 JavaThread "http-nio-8080-exec-10" daemon [_thread_blocked, id=8888, stack(0x000000fdc7100000,0x000000fdc7200000)]
  0x000002afe090eab0 JavaThread "container-0" [_thread_blocked, id=20704, stack(0x000000fdc7200000,0x000000fdc7300000)]
  0x000002afe090d570 JavaThread "http-nio-8080-Poller" daemon [_thread_in_native, id=20176, stack(0x000000fdc7300000,0x000000fdc7400000)]
  0x000002afe090e010 JavaThread "http-nio-8080-Acceptor" daemon [_thread_in_native, id=6452, stack(0x000000fdc7400000,0x000000fdc7500000)]
  0x000002afe090e560 JavaThread "DestroyJavaVM" [_thread_blocked, id=20664, stack(0x000000fdc4c00000,0x000000fdc4d00000)]

Other Threads:
  0x000002affd19cdb0 VMThread "VM Thread" [stack: 0x000000fdc5200000,0x000000fdc5300000] [id=21000]
  0x000002affedd2190 WatcherThread "VM Periodic Task Thread" [stack: 0x000000fdc5f00000,0x000000fdc6000000] [id=11052]
  0x000002affd121220 WorkerThread "GC Thread#0" [stack: 0x000000fdc4d00000,0x000000fdc4e00000] [id=12860]
  0x000002afff185d60 WorkerThread "GC Thread#1" [stack: 0x000000fdc6000000,0x000000fdc6100000] [id=12472]
  0x000002afff212cf0 WorkerThread "GC Thread#2" [stack: 0x000000fdc6100000,0x000000fdc6200000] [id=3868]
  0x000002afff212fc0 WorkerThread "GC Thread#3" [stack: 0x000000fdc6200000,0x000000fdc6300000] [id=16272]
  0x000002affd128fe0 ConcurrentGCThread "G1 Main Marker" [stack: 0x000000fdc4e00000,0x000000fdc4f00000] [id=14020]
  0x000002affd12a1b0 WorkerThread "G1 Conc#0" [stack: 0x000000fdc4f00000,0x000000fdc5000000] [id=9272]
  0x000002affd17c710 ConcurrentGCThread "G1 Refine#0" [stack: 0x000000fdc5000000,0x000000fdc5100000] [id=14396]
  0x000002affd17d1b0 ConcurrentGCThread "G1 Service" [stack: 0x000000fdc5100000,0x000000fdc5200000] [id=9964]

Threads with active compile tasks:
C2 CompilerThread0   787203 13287   !   4       org.hibernate.sql.results.jdbc.internal.DeferredResultSetAccess::executeQuery (286 bytes)

VM state: not at safepoint (normal execution)

VM Mutex/Monitor currently owned by a thread: None

Heap address: 0x00000000c9e00000, size: 866 MB, Compressed Oops mode: 32-bit

CDS archive(s) mapped at: [0x000002af99000000-0x000002af99c60000-0x000002af99c60000), size 12976128, SharedBaseAddress: 0x000002af99000000, ArchiveRelocationMode: 1.
Compressed class space mapped at: 0x000002af9a000000-0x000002afda000000, reserved size: 1073741824
Narrow klass base: 0x000002af99000000, Narrow klass shift: 0, Narrow klass range: 0x100000000

GC Precious Log:
 CardTable entry size: 512
 Card Set container configuration: InlinePtr #cards 5 size 8 Array Of Cards #cards 12 size 40 Howl #buckets 4 coarsen threshold 1843 Howl Bitmap #cards 512 size 80 coarsen threshold 460 Card regions per heap region 1 cards per card region 2048
 CPUs: 4 total, 4 available
 Memory: 3460M
 Large Page Support: Disabled
 NUMA Support: Disabled
 Compressed Oops: Enabled (32-bit)
 Heap Region Size: 1M
 Heap Min Capacity: 8M
 Heap Initial Capacity: 56M
 Heap Max Capacity: 866M
 Pre-touch: Disabled
 Parallel Workers: 4
 Concurrent Workers: 1
 Concurrent Refinement Workers: 4
 Periodic GC: Disabled

Heap:
 garbage-first heap   total 66560K, used 52916K [0x00000000c9e00000, 0x0000000100000000)
  region size 1024K, 22 young (22528K), 2 survivors (2048K)
 Metaspace       used 79818K, committed 80576K, reserved 1179648K
  class space    used 10018K, committed 10368K, reserved 1048576K

Heap Regions: E=young(eden), S=young(survivor), O=old, HS=humongous(starts), HC=humongous(continues), CS=collection set, F=free, OA=open archive, CA=closed archive, TAMS=top-at-mark-start, PB=parsable bottom
|   0|0x00000000c9e00000, 0x00000000c9f00000, 0x00000000c9f00000|100%|HS|  |TAMS 0x00000000c9e00000| PB 0x00000000c9e00000| Complete 
|   1|0x00000000c9f00000, 0x00000000ca000000, 0x00000000ca000000|100%| O|  |TAMS 0x00000000c9f00000| PB 0x00000000c9f00000| Untracked 
|   2|0x00000000ca000000, 0x00000000ca100000, 0x00000000ca100000|100%| O|  |TAMS 0x00000000ca000000| PB 0x00000000ca000000| Untracked 
|   3|0x00000000ca100000, 0x00000000ca200000, 0x00000000ca200000|100%| O|  |TAMS 0x00000000ca100000| PB 0x00000000ca100000| Untracked 
|   4|0x00000000ca200000, 0x00000000ca300000, 0x00000000ca300000|100%| O|  |TAMS 0x00000000ca200000| PB 0x00000000ca200000| Untracked 
|   5|0x00000000ca300000, 0x00000000ca400000, 0x00000000ca400000|100%| O|  |TAMS 0x00000000ca300000| PB 0x00000000ca300000| Untracked 
|   6|0x00000000ca400000, 0x00000000ca408200, 0x00000000ca500000|  3%| O|  |TAMS 0x00000000ca400000| PB 0x00000000ca400000| Untracked 
|   7|0x00000000ca500000, 0x00000000ca600000, 0x00000000ca600000|100%| O|  |TAMS 0x00000000ca500000| PB 0x00000000ca500000| Untracked 
|   8|0x00000000ca600000, 0x00000000ca700000, 0x00000000ca700000|100%| O|  |TAMS 0x00000000ca600000| PB 0x00000000ca600000| Untracked 
|   9|0x00000000ca700000, 0x00000000ca800000, 0x00000000ca800000|100%| O|  |TAMS 0x00000000ca700000| PB 0x00000000ca700000| Untracked 
|  10|0x00000000ca800000, 0x00000000ca900000, 0x00000000ca900000|100%| O|  |TAMS 0x00000000ca800000| PB 0x00000000ca800000| Untracked 
|  11|0x00000000ca900000, 0x00000000ca900000, 0x00000000caa00000|  0%| F|  |TAMS 0x00000000ca900000| PB 0x00000000ca900000| Untracked 
|  12|0x00000000caa00000, 0x00000000cab00000, 0x00000000cab00000|100%| O|  |TAMS 0x00000000caa00000| PB 0x00000000caa00000| Untracked 
|  13|0x00000000cab00000, 0x00000000cac00000, 0x00000000cac00000|100%| O|  |TAMS 0x00000000cab00000| PB 0x00000000cab00000| Untracked 
|  14|0x00000000cac00000, 0x00000000cad00000, 0x00000000cad00000|100%| O|  |TAMS 0x00000000cac00000| PB 0x00000000cac00000| Untracked 
|  15|0x00000000cad00000, 0x00000000cae00000, 0x00000000cae00000|100%| O|  |TAMS 0x00000000cad00000| PB 0x00000000cad00000| Untracked 
|  16|0x00000000cae00000, 0x00000000caf00000, 0x00000000caf00000|100%| O|  |TAMS 0x00000000cae00000| PB 0x00000000cae00000| Untracked 
|  17|0x00000000caf00000, 0x00000000cb000000, 0x00000000cb000000|100%| O|  |TAMS 0x00000000caf00000| PB 0x00000000caf00000| Untracked 
|  18|0x00000000cb000000, 0x00000000cb100000, 0x00000000cb100000|100%| O|  |TAMS 0x00000000cb000000| PB 0x00000000cb000000| Untracked 
|  19|0x00000000cb100000, 0x00000000cb200000, 0x00000000cb200000|100%| O|  |TAMS 0x00000000cb100000| PB 0x00000000cb100000| Untracked 
|  20|0x00000000cb200000, 0x00000000cb300000, 0x00000000cb300000|100%| O|  |TAMS 0x00000000cb200000| PB 0x00000000cb200000| Untracked 
|  21|0x00000000cb300000, 0x00000000cb400000, 0x00000000cb400000|100%| O|  |TAMS 0x00000000cb300000| PB 0x00000000cb300000| Untracked 
|  22|0x00000000cb400000, 0x00000000cb500000, 0x00000000cb500000|100%| O|  |TAMS 0x00000000cb400000| PB 0x00000000cb400000| Untracked 
|  23|0x00000000cb500000, 0x00000000cb500000, 0x00000000cb600000|  0%| F|  |TAMS 0x00000000cb500000| PB 0x00000000cb500000| Untracked 
|  24|0x00000000cb600000, 0x00000000cb700000, 0x00000000cb700000|100%| O|  |TAMS 0x00000000cb600000| PB 0x00000000cb600000| Untracked 
|  25|0x00000000cb700000, 0x00000000cb800000, 0x00000000cb800000|100%| O|  |TAMS 0x00000000cb700000| PB 0x00000000cb700000| Untracked 
|  26|0x00000000cb800000, 0x00000000cb900000, 0x00000000cb900000|100%| O|  |TAMS 0x00000000cb800000| PB 0x00000000cb800000| Untracked 
|  27|0x00000000cb900000, 0x00000000cba00000, 0x00000000cba00000|100%| O|  |TAMS 0x00000000cb900000| PB 0x00000000cb900000| Untracked 
|  28|0x00000000cba00000, 0x00000000cbb00000, 0x00000000cbb00000|100%| O|  |TAMS 0x00000000cba00000| PB 0x00000000cba00000| Complete 
|  29|0x00000000cbb00000, 0x00000000cbc00000, 0x00000000cbc00000|100%| O|  |TAMS 0x00000000cbb00000| PB 0x00000000cbb00000| Untracked 
|  30|0x00000000cbc00000, 0x00000000cbd00000, 0x00000000cbd00000|100%| O|  |TAMS 0x00000000cbc00000| PB 0x00000000cbc00000| Untracked 
|  31|0x00000000cbd00000, 0x00000000cbe00000, 0x00000000cbe00000|100%| O|  |TAMS 0x00000000cbd00000| PB 0x00000000cbd00000| Untracked 
|  32|0x00000000cbe00000, 0x00000000cbf00000, 0x00000000cbf00000|100%| O|  |TAMS 0x00000000cbe00000| PB 0x00000000cbe00000| Untracked 
|  33|0x00000000cbf00000, 0x00000000cc000000, 0x00000000cc000000|100%| O|  |TAMS 0x00000000cbf00000| PB 0x00000000cbf00000| Untracked 
|  34|0x00000000cc000000, 0x00000000cc000000, 0x00000000cc100000|  0%| F|  |TAMS 0x00000000cc000000| PB 0x00000000cc000000| Untracked 
|  35|0x00000000cc100000, 0x00000000cc100000, 0x00000000cc200000|  0%| F|  |TAMS 0x00000000cc100000| PB 0x00000000cc100000| Untracked 
|  36|0x00000000cc200000, 0x00000000cc200000, 0x00000000cc300000|  0%| F|  |TAMS 0x00000000cc200000| PB 0x00000000cc200000| Untracked 
|  37|0x00000000cc300000, 0x00000000cc3a5080, 0x00000000cc400000| 64%| S|CS|TAMS 0x00000000cc300000| PB 0x00000000cc300000| Complete 
|  38|0x00000000cc400000, 0x00000000cc500000, 0x00000000cc500000|100%| S|CS|TAMS 0x00000000cc400000| PB 0x00000000cc400000| Complete 
|  39|0x00000000cc500000, 0x00000000cc500000, 0x00000000cc600000|  0%| F|  |TAMS 0x00000000cc500000| PB 0x00000000cc500000| Untracked 
|  40|0x00000000cc600000, 0x00000000cc600000, 0x00000000cc700000|  0%| F|  |TAMS 0x00000000cc600000| PB 0x00000000cc600000| Untracked 
|  41|0x00000000cc700000, 0x00000000cc700000, 0x00000000cc800000|  0%| F|  |TAMS 0x00000000cc700000| PB 0x00000000cc700000| Untracked 
|  42|0x00000000cc800000, 0x00000000cc800000, 0x00000000cc900000|  0%| F|  |TAMS 0x00000000cc800000| PB 0x00000000cc800000| Untracked 
|  43|0x00000000cc900000, 0x00000000cc900000, 0x00000000cca00000|  0%| F|  |TAMS 0x00000000cc900000| PB 0x00000000cc900000| Untracked 
|  44|0x00000000cca00000, 0x00000000cca00000, 0x00000000ccb00000|  0%| F|  |TAMS 0x00000000cca00000| PB 0x00000000cca00000| Untracked 
|  45|0x00000000ccb00000, 0x00000000ccb62348, 0x00000000ccc00000| 38%| E|  |TAMS 0x00000000ccb00000| PB 0x00000000ccb00000| Complete 
|  46|0x00000000ccc00000, 0x00000000ccd00000, 0x00000000ccd00000|100%| E|CS|TAMS 0x00000000ccc00000| PB 0x00000000ccc00000| Complete 
|  47|0x00000000ccd00000, 0x00000000cce00000, 0x00000000cce00000|100%| E|CS|TAMS 0x00000000ccd00000| PB 0x00000000ccd00000| Complete 
|  48|0x00000000cce00000, 0x00000000ccf00000, 0x00000000ccf00000|100%| E|CS|TAMS 0x00000000cce00000| PB 0x00000000cce00000| Complete 
|  49|0x00000000ccf00000, 0x00000000cd000000, 0x00000000cd000000|100%| E|CS|TAMS 0x00000000ccf00000| PB 0x00000000ccf00000| Complete 
|  50|0x00000000cd000000, 0x00000000cd100000, 0x00000000cd100000|100%| E|CS|TAMS 0x00000000cd000000| PB 0x00000000cd000000| Complete 
|  51|0x00000000cd100000, 0x00000000cd200000, 0x00000000cd200000|100%| E|CS|TAMS 0x00000000cd100000| PB 0x00000000cd100000| Complete 
|  52|0x00000000cd200000, 0x00000000cd300000, 0x00000000cd300000|100%| E|CS|TAMS 0x00000000cd200000| PB 0x00000000cd200000| Complete 
|  53|0x00000000cd300000, 0x00000000cd400000, 0x00000000cd400000|100%| E|CS|TAMS 0x00000000cd300000| PB 0x00000000cd300000| Complete 
|  54|0x00000000cd400000, 0x00000000cd500000, 0x00000000cd500000|100%| E|CS|TAMS 0x00000000cd400000| PB 0x00000000cd400000| Complete 
|  55|0x00000000cd500000, 0x00000000cd600000, 0x00000000cd600000|100%| E|CS|TAMS 0x00000000cd500000| PB 0x00000000cd500000| Complete 
|  56|0x00000000cd600000, 0x00000000cd700000, 0x00000000cd700000|100%| E|CS|TAMS 0x00000000cd600000| PB 0x00000000cd600000| Complete 
|  57|0x00000000cd700000, 0x00000000cd800000, 0x00000000cd800000|100%| E|CS|TAMS 0x00000000cd700000| PB 0x00000000cd700000| Complete 
|  58|0x00000000cd800000, 0x00000000cd900000, 0x00000000cd900000|100%| E|CS|TAMS 0x00000000cd800000| PB 0x00000000cd800000| Complete 
|  59|0x00000000cd900000, 0x00000000cda00000, 0x00000000cda00000|100%| E|CS|TAMS 0x00000000cd900000| PB 0x00000000cd900000| Complete 
|  60|0x00000000cda00000, 0x00000000cdb00000, 0x00000000cdb00000|100%| E|CS|TAMS 0x00000000cda00000| PB 0x00000000cda00000| Complete 
|  61|0x00000000cdb00000, 0x00000000cdc00000, 0x00000000cdc00000|100%| E|CS|TAMS 0x00000000cdb00000| PB 0x00000000cdb00000| Complete 
|  62|0x00000000cdc00000, 0x00000000cdd00000, 0x00000000cdd00000|100%| E|CS|TAMS 0x00000000cdc00000| PB 0x00000000cdc00000| Complete 
|  63|0x00000000cdd00000, 0x00000000cde00000, 0x00000000cde00000|100%| E|CS|TAMS 0x00000000cdd00000| PB 0x00000000cdd00000| Complete 
|  64|0x00000000cde00000, 0x00000000cdf00000, 0x00000000cdf00000|100%| E|CS|TAMS 0x00000000cde00000| PB 0x00000000cde00000| Complete 

Card table byte_map: [0x000002affd1a0000,0x000002affd360000] _byte_map_base: 0x000002affcb51000

Marking Bits: (CMBitMap*) 0x000002affd121850
 Bits: [0x000002affd520000, 0x000002affe2a8000)

Polling page: 0x000002affaf40000

Metaspace:

Usage:
  Non-class:     68.16 MB used.
      Class:      9.78 MB used.
       Both:     77.95 MB used.

Virtual space:
  Non-class space:      128.00 MB reserved,      68.56 MB ( 54%) committed,  2 nodes.
      Class space:        1.00 GB reserved,      10.12 MB ( <1%) committed,  1 nodes.
             Both:        1.12 GB reserved,      78.69 MB (  7%) committed. 

Chunk freelists:
   Non-Class:  2.97 MB
       Class:  1.78 MB
        Both:  4.75 MB

MaxMetaspaceSize: unlimited
CompressedClassSpaceSize: 1.00 GB
Initial GC threshold: 21.00 MB
Current GC threshold: 131.19 MB
CDS: on
MetaspaceReclaimPolicy: balanced
 - commit_granule_bytes: 65536.
 - commit_granule_words: 8192.
 - virtual_space_node_default_size: 8388608.
 - enlarge_chunks_in_place: 1.
 - new_chunks_are_fully_committed: 0.
 - uncommit_free_chunks: 1.
 - use_allocation_guard: 0.


Internal statistics:

num_allocs_failed_limit: 9.
num_arena_births: 1090.
num_arena_deaths: 0.
num_vsnodes_births: 3.
num_vsnodes_deaths: 0.
num_space_committed: 1259.
num_space_uncommitted: 0.
num_chunks_returned_to_freelist: 9.
num_chunks_taken_from_freelist: 3949.
num_chunk_merges: 9.
num_chunk_splits: 2836.
num_chunks_enlarged: 2207.
num_inconsistent_stats: 0.

CodeHeap 'non-profiled nmethods': size=120000Kb used=5229Kb max_used=5869Kb free=114770Kb
 bounds [0x000002af8fad0000, 0x000002af900a0000, 0x000002af97000000]
CodeHeap 'profiled nmethods': size=120000Kb used=13649Kb max_used=21984Kb free=106350Kb
 bounds [0x000002af88000000, 0x000002af89590000, 0x000002af8f530000]
CodeHeap 'non-nmethods': size=5760Kb used=1797Kb max_used=1842Kb free=3962Kb
 bounds [0x000002af8f530000, 0x000002af8f7a0000, 0x000002af8fad0000]
 total_blobs=7437 nmethods=6686 adapters=660
 compilation: enabled
              stopped_count=0, restarted_count=0
 full_count=0

Compilation events (20 events):
Event: 786.415 Thread 0x000002affe8625b0 nmethod 13278 0x000002af8fcb6390 code [0x000002af8fcb6500, 0x000002af8fcb6630]
Event: 786.466 Thread 0x000002affe8625b0 13279       4       java.lang.ClassLoader::getResources (55 bytes)
Event: 786.486 Thread 0x000002affe8625b0 nmethod 13279 0x000002af8fdd2110 code [0x000002af8fdd2320, 0x000002af8fdd30b0]
Event: 786.486 Thread 0x000002affe8625b0 13280       4       org.hibernate.sql.exec.internal.JdbcParameterBindingsImpl::getBinding (23 bytes)
Event: 786.489 Thread 0x000002affe8625b0 nmethod 13280 0x000002af8fce1f90 code [0x000002af8fce2120, 0x000002af8fce2388]
Event: 786.500 Thread 0x000002affe8651e0 13281       3       java.util.concurrent.atomic.AtomicLongArray::get (12 bytes)
Event: 786.501 Thread 0x000002affe8651e0 nmethod 13281 0x000002af8817b810 code [0x000002af8817b9e0, 0x000002af8817be78]
Event: 786.501 Thread 0x000002affe8651e0 13282       3       java.lang.invoke.VarHandleLongs$Array::getVolatile (42 bytes)
Event: 786.501 Thread 0x000002affe8651e0 nmethod 13282 0x000002af884af390 code [0x000002af884af540, 0x000002af884af890]
Event: 786.560 Thread 0x000002affe8625b0 13283  s    4       jdk.internal.perf.PerfCounter::add (18 bytes)
Event: 786.564 Thread 0x000002affe8625b0 nmethod 13283 0x000002af8fd08690 code [0x000002af8fd08800, 0x000002af8fd08aa0]
Event: 786.574 Thread 0x000002affe8625b0 13284   !   4       sun.security.ssl.SSLTransport::decode (493 bytes)
Event: 786.631 Thread 0x000002affe8625b0 nmethod 13284 0x000002af8fe25a10 code [0x000002af8fe25c60, 0x000002af8fe27348]
Event: 786.631 Thread 0x000002affe8625b0 13285   !   4       sun.security.ssl.SSLSocketInputRecord::decode (134 bytes)
Event: 786.639 Thread 0x000002affe8625b0 nmethod 13285 0x000002af8fef4b90 code [0x000002af8fef4d60, 0x000002af8fef5130]
Event: 786.684 Thread 0x000002affe8625b0 13286       4       java.util.BitSet::clear (28 bytes)
Event: 786.686 Thread 0x000002affe8625b0 nmethod 13286 0x000002af8fb17290 code [0x000002af8fb17400, 0x000002af8fb17500]
Event: 786.714 Thread 0x000002affe8625b0 13287   !   4       org.hibernate.sql.results.jdbc.internal.DeferredResultSetAccess::executeQuery (286 bytes)
Event: 786.823 Thread 0x000002affe8651e0 13289   !   3       java.security.MessageDigest$Delegate::of (84 bytes)
Event: 786.824 Thread 0x000002affe8651e0 nmethod 13289 0x000002af8839f790 code [0x000002af8839fa00, 0x000002af883a0820]

GC Heap History (20 events):
Event: 759.321 GC heap before
{Heap before GC invocations=22 (full 0):
 garbage-first heap   total 66560K, used 60045K [0x00000000c9e00000, 0x0000000100000000)
  region size 1024K, 27 young (27648K), 2 survivors (2048K)
 Metaspace       used 78706K, committed 79488K, reserved 1179648K
  class space    used 10016K, committed 10368K, reserved 1048576K
}
Event: 759.325 GC heap after
{Heap after GC invocations=23 (full 0):
 garbage-first heap   total 66560K, used 34348K [0x00000000c9e00000, 0x0000000100000000)
  region size 1024K, 2 young (2048K), 2 survivors (2048K)
 Metaspace       used 78706K, committed 79488K, reserved 1179648K
  class space    used 10016K, committed 10368K, reserved 1048576K
}
Event: 761.606 GC heap before
{Heap before GC invocations=24 (full 0):
 garbage-first heap   total 66560K, used 58924K [0x00000000c9e00000, 0x0000000100000000)
  region size 1024K, 27 young (27648K), 2 survivors (2048K)
 Metaspace       used 78913K, committed 79680K, reserved 1179648K
  class space    used 10016K, committed 10368K, reserved 1048576K
}
Event: 761.612 GC heap after
{Heap after GC invocations=25 (full 0):
 garbage-first heap   total 66560K, used 34330K [0x00000000c9e00000, 0x0000000100000000)
  region size 1024K, 2 young (2048K), 2 survivors (2048K)
 Metaspace       used 78913K, committed 79680K, reserved 1179648K
  class space    used 10016K, committed 10368K, reserved 1048576K
}
Event: 764.028 GC heap before
{Heap before GC invocations=25 (full 0):
 garbage-first heap   total 66560K, used 58906K [0x00000000c9e00000, 0x0000000100000000)
  region size 1024K, 27 young (27648K), 2 survivors (2048K)
 Metaspace       used 79092K, committed 79872K, reserved 1179648K
  class space    used 10016K, committed 10368K, reserved 1048576K
}
Event: 764.050 GC heap after
{Heap after GC invocations=26 (full 0):
 garbage-first heap   total 66560K, used 34031K [0x00000000c9e00000, 0x0000000100000000)
  region size 1024K, 2 young (2048K), 2 survivors (2048K)
 Metaspace       used 79092K, committed 79872K, reserved 1179648K
  class space    used 10016K, committed 10368K, reserved 1048576K
}
Event: 768.364 GC heap before
{Heap before GC invocations=26 (full 0):
 garbage-first heap   total 66560K, used 58607K [0x00000000c9e00000, 0x0000000100000000)
  region size 1024K, 27 young (27648K), 2 survivors (2048K)
 Metaspace       used 79272K, committed 80064K, reserved 1179648K
  class space    used 10016K, committed 10368K, reserved 1048576K
}
Event: 768.393 GC heap after
{Heap after GC invocations=27 (full 0):
 garbage-first heap   total 66560K, used 33891K [0x00000000c9e00000, 0x0000000100000000)
  region size 1024K, 2 young (2048K), 2 survivors (2048K)
 Metaspace       used 79272K, committed 80064K, reserved 1179648K
  class space    used 10016K, committed 10368K, reserved 1048576K
}
Event: 771.387 GC heap before
{Heap before GC invocations=28 (full 0):
 garbage-first heap   total 66560K, used 58467K [0x00000000c9e00000, 0x0000000100000000)
  region size 1024K, 27 young (27648K), 2 survivors (2048K)
 Metaspace       used 79281K, committed 80064K, reserved 1179648K
  class space    used 10016K, committed 10368K, reserved 1048576K
}
Event: 771.392 GC heap after
{Heap after GC invocations=29 (full 0):
 garbage-first heap   total 66560K, used 33882K [0x00000000c9e00000, 0x0000000100000000)
  region size 1024K, 2 young (2048K), 2 survivors (2048K)
 Metaspace       used 79281K, committed 80064K, reserved 1179648K
  class space    used 10016K, committed 10368K, reserved 1048576K
}
Event: 779.174 GC heap before
{Heap before GC invocations=29 (full 0):
 garbage-first heap   total 66560K, used 58458K [0x00000000c9e00000, 0x0000000100000000)
  region size 1024K, 27 young (27648K), 2 survivors (2048K)
 Metaspace       used 79453K, committed 80192K, reserved 1179648K
  class space    used 10018K, committed 10368K, reserved 1048576K
}
Event: 779.214 GC heap after
{Heap after GC invocations=30 (full 0):
 garbage-first heap   total 66560K, used 33681K [0x00000000c9e00000, 0x0000000100000000)
  region size 1024K, 2 young (2048K), 2 survivors (2048K)
 Metaspace       used 79453K, committed 80192K, reserved 1179648K
  class space    used 10018K, committed 10368K, reserved 1048576K
}
Event: 781.612 GC heap before
{Heap before GC invocations=30 (full 0):
 garbage-first heap   total 66560K, used 58257K [0x00000000c9e00000, 0x0000000100000000)
  region size 1024K, 27 young (27648K), 2 survivors (2048K)
 Metaspace       used 79522K, committed 80256K, reserved 1179648K
  class space    used 10018K, committed 10368K, reserved 1048576K
}
Event: 781.619 GC heap after
{Heap after GC invocations=31 (full 0):
 garbage-first heap   total 66560K, used 33682K [0x00000000c9e00000, 0x0000000100000000)
  region size 1024K, 2 young (2048K), 2 survivors (2048K)
 Metaspace       used 79522K, committed 80256K, reserved 1179648K
  class space    used 10018K, committed 10368K, reserved 1048576K
}
Event: 783.212 GC heap before
{Heap before GC invocations=32 (full 0):
 garbage-first heap   total 66560K, used 58258K [0x00000000c9e00000, 0x0000000100000000)
  region size 1024K, 27 young (27648K), 2 survivors (2048K)
 Metaspace       used 79525K, committed 80256K, reserved 1179648K
  class space    used 10018K, committed 10368K, reserved 1048576K
}
Event: 783.218 GC heap after
{Heap after GC invocations=33 (full 0):
 garbage-first heap   total 66560K, used 33697K [0x00000000c9e00000, 0x0000000100000000)
  region size 1024K, 2 young (2048K), 2 survivors (2048K)
 Metaspace       used 79525K, committed 80256K, reserved 1179648K
  class space    used 10018K, committed 10368K, reserved 1048576K
}
Event: 784.541 GC heap before
{Heap before GC invocations=33 (full 0):
 garbage-first heap   total 66560K, used 58273K [0x00000000c9e00000, 0x0000000100000000)
  region size 1024K, 27 young (27648K), 2 survivors (2048K)
 Metaspace       used 79679K, committed 80448K, reserved 1179648K
  class space    used 10018K, committed 10368K, reserved 1048576K
}
Event: 784.553 GC heap after
{Heap after GC invocations=34 (full 0):
 garbage-first heap   total 66560K, used 33536K [0x00000000c9e00000, 0x0000000100000000)
  region size 1024K, 2 young (2048K), 2 survivors (2048K)
 Metaspace       used 79679K, committed 80448K, reserved 1179648K
  class space    used 10018K, committed 10368K, reserved 1048576K
}
Event: 786.174 GC heap before
{Heap before GC invocations=34 (full 0):
 garbage-first heap   total 66560K, used 59136K [0x00000000c9e00000, 0x0000000100000000)
  region size 1024K, 27 young (27648K), 2 survivors (2048K)
 Metaspace       used 79818K, committed 80576K, reserved 1179648K
  class space    used 10018K, committed 10368K, reserved 1048576K
}
Event: 786.181 GC heap after
{Heap after GC invocations=35 (full 0):
 garbage-first heap   total 66560K, used 33460K [0x00000000c9e00000, 0x0000000100000000)
  region size 1024K, 2 young (2048K), 2 survivors (2048K)
 Metaspace       used 79818K, committed 80576K, reserved 1179648K
  class space    used 10018K, committed 10368K, reserved 1048576K
}

Dll operation events (14 events):
Event: 0.029 Loaded shared library C:\Users\lenovo\.jdks\openjdk-20.0.2\bin\java.dll
Event: 0.066 Loaded shared library C:\Users\lenovo\.jdks\openjdk-20.0.2\bin\jsvml.dll
Event: 0.247 Loaded shared library C:\Users\lenovo\.jdks\openjdk-20.0.2\bin\zip.dll
Event: 0.253 Loaded shared library C:\Users\lenovo\.jdks\openjdk-20.0.2\bin\instrument.dll
Event: 0.263 Loaded shared library C:\Users\lenovo\.jdks\openjdk-20.0.2\bin\net.dll
Event: 0.268 Loaded shared library C:\Users\lenovo\.jdks\openjdk-20.0.2\bin\nio.dll
Event: 0.274 Loaded shared library C:\Users\lenovo\.jdks\openjdk-20.0.2\bin\zip.dll
Event: 0.474 Loaded shared library C:\Program Files\JetBrains\IntelliJ IDEA Community Edition 2023.3.2\bin\breakgen64.dll
Event: 0.489 Loaded shared library C:\Users\lenovo\.jdks\openjdk-20.0.2\bin\extnet.dll
Event: 0.566 Loaded shared library C:\Users\lenovo\.jdks\openjdk-20.0.2\bin\jimage.dll
Event: 2.972 Loaded shared library C:\Users\lenovo\.jdks\openjdk-20.0.2\bin\sunmscapi.dll
Event: 6.183 Loaded shared library C:\Users\lenovo\.jdks\openjdk-20.0.2\bin\management.dll
Event: 6.186 Loaded shared library C:\Users\lenovo\.jdks\openjdk-20.0.2\bin\management_ext.dll
Event: 7.262 Loaded shared library C:\Users\lenovo\.jdks\openjdk-20.0.2\bin\verify.dll

Deoptimization events (20 events):
Event: 783.919 Thread 0x000002afe090a050 Uncommon trap: trap_request=0xffffffd6 fr.pc=0x000002af8fd090e4 relative=0x00000000000001e4
Event: 783.919 Thread 0x000002afe090a050 Uncommon trap: reason=array_check action=maybe_recompile pc=0x000002af8fd090e4 method=com.zaxxer.hikari.util.FastList.add(Ljava/lang/Object;)Z @ 28 c2
Event: 783.919 Thread 0x000002afe090a050 DEOPT PACKING pc=0x000002af8fd090e4 sp=0x000000fdc6ff8cf0
Event: 783.919 Thread 0x000002afe090a050 DEOPT UNPACKING pc=0x000002af8f599d22 sp=0x000000fdc6ff8c88 mode 2
Event: 785.769 Thread 0x000002afe090b040 Uncommon trap: trap_request=0xffffffbe fr.pc=0x000002af8fbff3c8 relative=0x00000000000005e8
Event: 785.769 Thread 0x000002afe090b040 Uncommon trap: reason=profile_predicate action=maybe_recompile pc=0x000002af8fbff3c8 method=org.hibernate.sql.ast.tree.from.TableGroup.findCompatibleJoin(Lorg/hibernate/sql/ast/tree/from/TableGroupJoinProducer;Lorg/hibernate/sql/ast/SqlAstJoinType;)Lorg/h
Event: 785.769 Thread 0x000002afe090b040 DEOPT PACKING pc=0x000002af8fbff3c8 sp=0x000000fdc71f8a40
Event: 785.769 Thread 0x000002afe090b040 DEOPT UNPACKING pc=0x000002af8f599d22 sp=0x000000fdc71f8978 mode 2
Event: 785.807 Thread 0x000002afe090dac0 Uncommon trap: trap_request=0xffffffbe fr.pc=0x000002af8fbff3c8 relative=0x00000000000005e8
Event: 785.807 Thread 0x000002afe090dac0 Uncommon trap: reason=profile_predicate action=maybe_recompile pc=0x000002af8fbff3c8 method=org.hibernate.sql.ast.tree.from.TableGroup.findCompatibleJoin(Lorg/hibernate/sql/ast/tree/from/TableGroupJoinProducer;Lorg/hibernate/sql/ast/SqlAstJoinType;)Lorg/h
Event: 785.807 Thread 0x000002afe090dac0 DEOPT PACKING pc=0x000002af8fbff3c8 sp=0x000000fdc6bf8e20
Event: 785.807 Thread 0x000002afe090dac0 DEOPT UNPACKING pc=0x000002af8f599d22 sp=0x000000fdc6bf8d58 mode 2
Event: 785.842 Thread 0x000002afe090a5a0 Uncommon trap: trap_request=0xffffffbe fr.pc=0x000002af8fbff3c8 relative=0x00000000000005e8
Event: 785.842 Thread 0x000002afe090a5a0 Uncommon trap: reason=profile_predicate action=maybe_recompile pc=0x000002af8fbff3c8 method=org.hibernate.sql.ast.tree.from.TableGroup.findCompatibleJoin(Lorg/hibernate/sql/ast/tree/from/TableGroupJoinProducer;Lorg/hibernate/sql/ast/SqlAstJoinType;)Lorg/h
Event: 785.842 Thread 0x000002afe090a5a0 DEOPT PACKING pc=0x000002af8fbff3c8 sp=0x000000fdc6cf8c70
Event: 785.842 Thread 0x000002afe090a5a0 DEOPT UNPACKING pc=0x000002af8f599d22 sp=0x000000fdc6cf8ba8 mode 2
Event: 785.869 Thread 0x000002afe090d020 Uncommon trap: trap_request=0xffffffbe fr.pc=0x000002af8fbff3c8 relative=0x00000000000005e8
Event: 785.869 Thread 0x000002afe090d020 Uncommon trap: reason=profile_predicate action=maybe_recompile pc=0x000002af8fbff3c8 method=org.hibernate.sql.ast.tree.from.TableGroup.findCompatibleJoin(Lorg/hibernate/sql/ast/tree/from/TableGroupJoinProducer;Lorg/hibernate/sql/ast/SqlAstJoinType;)Lorg/h
Event: 785.869 Thread 0x000002afe090d020 DEOPT PACKING pc=0x000002af8fbff3c8 sp=0x000000fdc70f8aa0
Event: 785.869 Thread 0x000002afe090d020 DEOPT UNPACKING pc=0x000002af8f599d22 sp=0x000000fdc70f89d8 mode 2

Classes loaded (20 events):
Event: 353.696 Loading class java/util/spi/ResourceBundleProvider
Event: 353.697 Loading class java/util/spi/ResourceBundleProvider done
Event: 353.697 Loading class sun/util/resources/LocaleData$LocaleDataResourceBundleProvider done
Event: 353.697 Loading class sun/util/resources/LocaleData$CommonResourceBundleProvider done
Event: 353.701 Loading class java/util/ArrayList$SubList$1
Event: 353.703 Loading class java/util/ArrayList$SubList$1 done
Event: 353.704 Loading class sun/util/resources/Bundles$2
Event: 353.706 Loading class sun/util/resources/Bundles$2 done
Event: 353.812 Loading class java/util/stream/ReferencePipeline$4
Event: 353.813 Loading class java/util/stream/ReferencePipeline$4 done
Event: 353.814 Loading class java/util/function/IntBinaryOperator
Event: 353.814 Loading class java/util/function/IntBinaryOperator done
Event: 353.816 Loading class java/util/stream/ReduceOps$7
Event: 353.819 Loading class java/util/stream/ReduceOps$7 done
Event: 353.819 Loading class java/util/stream/ReduceOps$6ReducingSink
Event: 353.822 Loading class java/util/stream/ReduceOps$6ReducingSink done
Event: 353.822 Loading class java/util/stream/ReferencePipeline$4$1
Event: 353.822 Loading class java/util/stream/ReferencePipeline$4$1 done
Event: 734.686 Loading class java/io/PushbackInputStream
Event: 734.689 Loading class java/io/PushbackInputStream done

Classes unloaded (0 events):
No events

Classes redefined (0 events):
No events

Internal exceptions (20 events):
Event: 11.728 Thread 0x000002affd0e5c30 Exception <a 'java/lang/IncompatibleClassChangeError'{0x00000000ccf3d290}: Found class java.lang.Object, but interface was expected> (0x00000000ccf3d290) 
thrown [s\open\src\hotspot\share\interpreter\linkResolver.cpp, line 840]
Event: 11.843 Thread 0x000002affd0e5c30 Exception <a 'java/lang/IncompatibleClassChangeError'{0x00000000ccc0daa0}: Found class java.lang.Object, but interface was expected> (0x00000000ccc0daa0) 
thrown [s\open\src\hotspot\share\interpreter\linkResolver.cpp, line 840]
Event: 11.929 Thread 0x000002affd0e5c30 Exception <a 'java/lang/NoSuchMethodError'{0x00000000cca668d8}: 'void java.lang.invoke.Invokers$Holder.invokeExact_MT(java.lang.Object, java.lang.Object, java.lang.Object, java.lang.Object)'> (0x00000000cca668d8) 
thrown [s\open\src\hotspot\share\interpreter\linkResolver.cpp, line 773]
Event: 11.993 Thread 0x000002affd0e5c30 Exception <a 'java/lang/NoSuchMethodError'{0x00000000cc806f60}: 'long java.lang.invoke.DirectMethodHandle$Holder.invokeVirtual(java.lang.Object, java.lang.Object)'> (0x00000000cc806f60) 
thrown [s\open\src\hotspot\share\interpreter\linkResolver.cpp, line 773]
Event: 12.474 Thread 0x000002affd0e5c30 Exception <a 'java/lang/NoSuchMethodError'{0x00000000cd80be18}: 'java.lang.Object java.lang.invoke.DirectMethodHandle$Holder.newInvokeSpecial(java.lang.Object, java.lang.Object, java.lang.Object, java.lang.Object, java.lang.Object, java.lang.Object, java.lang.Object, java.lang.Object)'> (0x00000000cd80be18) 
thrown [s\open\src\hotspot\share\interpreter\linkResolver.cpp, line 773]
Event: 12.957 Thread 0x000002affd0e5c30 Exception <a 'java/lang/IncompatibleClassChangeError'{0x00000000cca5bf50}: Found class java.lang.Object, but interface was expected> (0x00000000cca5bf50) 
thrown [s\open\src\hotspot\share\interpreter\linkResolver.cpp, line 840]
Event: 13.135 Thread 0x000002affd0e5c30 Exception <a 'java/lang/NoSuchMethodError'{0x00000000cc506660}: 'void java.lang.invoke.DirectMethodHandle$Holder.invokeVirtual(java.lang.Object, java.lang.Object, long)'> (0x00000000cc506660) 
thrown [s\open\src\hotspot\share\interpreter\linkResolver.cpp, line 773]
Event: 13.260 Thread 0x000002affd0e5c30 Exception <a 'java/lang/NoSuchMethodError'{0x00000000cdd2b8a8}: 'int java.lang.invoke.DirectMethodHandle$Holder.invokeStaticInit(java.lang.Object, java.lang.Object, java.lang.Object, java.lang.Object)'> (0x00000000cdd2b8a8) 
thrown [s\open\src\hotspot\share\interpreter\linkResolver.cpp, line 773]
Event: 13.377 Thread 0x000002affd0e5c30 Exception <a 'java/lang/IncompatibleClassChangeError'{0x00000000cddfb2b8}: Found class java.lang.Object, but interface was expected> (0x00000000cddfb2b8) 
thrown [s\open\src\hotspot\share\interpreter\linkResolver.cpp, line 840]
Event: 13.525 Thread 0x000002affd0e5c30 Exception <a 'java/lang/NoSuchMethodError'{0x00000000cd7c2698}: 'java.lang.Object java.lang.invoke.DirectMethodHandle$Holder.newInvokeSpecial(java.lang.Object, java.lang.Object, int, java.lang.Object, java.lang.Object)'> (0x00000000cd7c2698) 
thrown [s\open\src\hotspot\share\interpreter\linkResolver.cpp, line 773]
Event: 13.526 Thread 0x000002affd0e5c30 Exception <a 'java/lang/NoSuchMethodError'{0x00000000cd7cd168}: 'java.lang.Object java.lang.invoke.DirectMethodHandle$Holder.invokeSpecial(java.lang.Object, java.lang.Object, int, java.lang.Object, int, java.lang.Object)'> (0x00000000cd7cd168) 
thrown [s\open\src\hotspot\share\interpreter\linkResolver.cpp, line 773]
Event: 13.526 Thread 0x000002affd0e5c30 Exception <a 'java/lang/NoSuchMethodError'{0x00000000cd7d4bf8}: 'java.lang.Object java.lang.invoke.DirectMethodHandle$Holder.newInvokeSpecial(java.lang.Object, java.lang.Object, int, java.lang.Object, int)'> (0x00000000cd7d4bf8) 
thrown [s\open\src\hotspot\share\interpreter\linkResolver.cpp, line 773]
Event: 13.527 Thread 0x000002affd0e5c30 Exception <a 'java/lang/NoSuchMethodError'{0x00000000cd7d8a68}: 'java.lang.Object java.lang.invoke.DirectMethodHandle$Holder.invokeSpecial(java.lang.Object, java.lang.Object, java.lang.Object, int, java.lang.Object, int)'> (0x00000000cd7d8a68) 
thrown [s\open\src\hotspot\share\interpreter\linkResolver.cpp, line 773]
Event: 60.759 Thread 0x000002afe090faa0 Exception <a 'java/lang/NoSuchMethodError'{0x00000000cd4a63f0}: 'java.lang.Object java.lang.invoke.DirectMethodHandle$Holder.invokeSpecial(java.lang.Object, java.lang.Object, java.lang.Object, java.lang.Object, java.lang.Object, long)'> (0x00000000cd4a63f0) 
thrown [s\open\src\hotspot\share\interpreter\linkResolver.cpp, line 773]
Event: 60.759 Thread 0x000002afe090faa0 Exception <a 'java/lang/NoSuchMethodError'{0x00000000cd4a9bb0}: 'java.lang.Object java.lang.invoke.Invokers$Holder.linkToTargetMethod(java.lang.Object, java.lang.Object, java.lang.Object, long, java.lang.Object)'> (0x00000000cd4a9bb0) 
thrown [s\open\src\hotspot\share\interpreter\linkResolver.cpp, line 773]
Event: 61.321 Thread 0x000002afe090faa0 Exception <a 'java/lang/NoSuchMethodError'{0x00000000cc7fc2e8}: 'void java.lang.invoke.DirectMethodHandle$Holder.invokeSpecialIFC(java.lang.Object, java.lang.Object, int, java.lang.Object, java.lang.Object, java.lang.Object, java.lang.Object)'> (0x00000000cc7fc2e8) 
thrown [s\open\src\hotspot\share\interpreter\linkResolver.cpp, line 773]
Event: 61.726 Thread 0x000002afe090faa0 Exception <a 'java/lang/IncompatibleClassChangeError'{0x00000000cdcbe988}: Found class java.lang.Object, but interface was expected> (0x00000000cdcbe988) 
thrown [s\open\src\hotspot\share\interpreter\linkResolver.cpp, line 840]
Event: 61.873 Thread 0x000002afe090faa0 Implicit null exception at 0x000002af8fc021e0 to 0x000002af8fc02314
Event: 736.016 Thread 0x000002afe090b040 Exception <a 'java/lang/NoSuchMethodError'{0x00000000ccfa9630}: 'java.lang.Object java.lang.invoke.DirectMethodHandle$Holder.invokeInterface(java.lang.Object, java.lang.Object, java.lang.Object, java.lang.Object)'> (0x00000000ccfa9630) 
thrown [s\open\src\hotspot\share\interpreter\linkResolver.cpp, line 773]
Event: 736.024 Thread 0x000002afe090b040 Exception <a 'java/lang/IncompatibleClassChangeError'{0x00000000ccfc1630}: Found class java.lang.Object, but interface was expected> (0x00000000ccfc1630) 
thrown [s\open\src\hotspot\share\interpreter\linkResolver.cpp, line 840]

VM Operations (20 events):
Event: 781.852 Executing VM operation: HandshakeAllThreads
Event: 781.852 Executing VM operation: HandshakeAllThreads done
Event: 781.885 Executing VM operation: G1PauseCleanup
Event: 781.885 Executing VM operation: G1PauseCleanup done
Event: 782.900 Executing VM operation: Cleanup
Event: 782.900 Executing VM operation: Cleanup done
Event: 783.212 Executing VM operation: G1CollectForAllocation
Event: 783.218 Executing VM operation: G1CollectForAllocation done
Event: 784.231 Executing VM operation: Cleanup
Event: 784.231 Executing VM operation: Cleanup done
Event: 784.541 Executing VM operation: G1CollectForAllocation
Event: 784.553 Executing VM operation: G1CollectForAllocation done
Event: 785.564 Executing VM operation: Cleanup
Event: 785.564 Executing VM operation: Cleanup done
Event: 786.174 Executing VM operation: G1CollectForAllocation
Event: 786.181 Executing VM operation: G1CollectForAllocation done
Event: 786.281 Executing VM operation: G1PauseRemark
Event: 786.292 Executing VM operation: G1PauseRemark done
Event: 786.332 Executing VM operation: G1PauseCleanup
Event: 786.333 Executing VM operation: G1PauseCleanup done

Events (20 events):
Event: 786.291 Thread 0x000002affd19cdb0 flushing nmethod 0x000002af8845d010
Event: 786.291 Thread 0x000002affd19cdb0 flushing nmethod 0x000002af884c5290
Event: 786.291 Thread 0x000002affd19cdb0 flushing nmethod 0x000002af88481910
Event: 786.291 Thread 0x000002affd19cdb0 flushing nmethod 0x000002af8847fb10
Event: 786.291 Thread 0x000002affd19cdb0 flushing nmethod 0x000002af88432010
Event: 786.291 Thread 0x000002affd19cdb0 flushing nmethod 0x000002af88416d10
Event: 786.291 Thread 0x000002affd19cdb0 flushing nmethod 0x000002af88405a10
Event: 786.291 Thread 0x000002affd19cdb0 flushing nmethod 0x000002af883a1a90
Event: 786.291 Thread 0x000002affd19cdb0 flushing nmethod 0x000002af88371190
Event: 786.291 Thread 0x000002affd19cdb0 flushing nmethod 0x000002af88310f10
Event: 786.291 Thread 0x000002affd19cdb0 flushing nmethod 0x000002af882b8910
Event: 786.291 Thread 0x000002affd19cdb0 flushing nmethod 0x000002af88313d10
Event: 786.291 Thread 0x000002affd19cdb0 flushing nmethod 0x000002af88311d90
Event: 786.291 Thread 0x000002affd19cdb0 flushing nmethod 0x000002af88117590
Event: 786.291 Thread 0x000002affd19cdb0 flushing nmethod 0x000002af880a9990
Event: 786.291 Thread 0x000002affd19cdb0 flushing nmethod 0x000002af88046110
Event: 786.291 Thread 0x000002affd19cdb0 flushing nmethod 0x000002af8802a290
Event: 786.291 Thread 0x000002affd19cdb0 flushing nmethod 0x000002af88024890
Event: 786.291 Thread 0x000002affd19cdb0 flushing nmethod 0x000002af8fd1df90
Event: 786.291 Thread 0x000002affd19cdb0 flushing nmethod 0x000002af8fd08690


Dynamic libraries:
0x00007ff601710000 - 0x00007ff60171e000 	C:\Users\lenovo\.jdks\openjdk-20.0.2\bin\java.exe
0x00007ffffa650000 - 0x00007ffffa848000 	C:\WINDOWS\SYSTEM32\ntdll.dll
0x00007fffd34d0000 - 0x00007fffd34e9000 	C:\Program Files\AVG\Antivirus\aswhook.dll
0x00007ffff9f90000 - 0x00007ffffa04d000 	C:\WINDOWS\System32\KERNEL32.DLL
0x00007ffff8380000 - 0x00007ffff8676000 	C:\WINDOWS\System32\KERNELBASE.dll
0x00007ffff7d00000 - 0x00007ffff7e00000 	C:\WINDOWS\System32\ucrtbase.dll
0x00007ffff0420000 - 0x00007ffff043b000 	C:\Users\lenovo\.jdks\openjdk-20.0.2\bin\VCRUNTIME140.dll
0x00007fffee510000 - 0x00007fffee527000 	C:\Users\lenovo\.jdks\openjdk-20.0.2\bin\jli.dll
0x00007ffffa470000 - 0x00007ffffa60f000 	C:\WINDOWS\System32\USER32.dll
0x00007ffff7fe0000 - 0x00007ffff8002000 	C:\WINDOWS\System32\win32u.dll
0x00007ffff86e0000 - 0x00007ffff870b000 	C:\WINDOWS\System32\GDI32.dll
0x00007ffff8100000 - 0x00007ffff8217000 	C:\WINDOWS\System32\gdi32full.dll
0x00007ffff7f40000 - 0x00007ffff7fdd000 	C:\WINDOWS\System32\msvcp_win.dll
0x00007ffff7060000 - 0x00007ffff72fa000 	C:\WINDOWS\WinSxS\amd64_microsoft.windows.common-controls_6595b64144ccf1df_6.0.19041.4355_none_60b8b9eb71f62e16\COMCTL32.dll
0x00007ffffa3d0000 - 0x00007ffffa46e000 	C:\WINDOWS\System32\msvcrt.dll
0x00007ffff9bd0000 - 0x00007ffff9c02000 	C:\WINDOWS\System32\IMM32.DLL
0x00007ffff4730000 - 0x00007ffff473c000 	C:\Users\lenovo\.jdks\openjdk-20.0.2\bin\vcruntime140_1.dll
0x00007fffd8f40000 - 0x00007fffd8fce000 	C:\Users\lenovo\.jdks\openjdk-20.0.2\bin\msvcp140.dll
0x00007fff7dca0000 - 0x00007fff7e938000 	C:\Users\lenovo\.jdks\openjdk-20.0.2\bin\server\jvm.dll
0x00007ffff88d0000 - 0x00007ffff8980000 	C:\WINDOWS\System32\ADVAPI32.dll
0x00007ffff9d40000 - 0x00007ffff9de0000 	C:\WINDOWS\System32\sechost.dll
0x00007ffff8710000 - 0x00007ffff8833000 	C:\WINDOWS\System32\RPCRT4.dll
0x00007ffff8010000 - 0x00007ffff8037000 	C:\WINDOWS\System32\bcrypt.dll
0x00007ffff4970000 - 0x00007ffff497a000 	C:\WINDOWS\SYSTEM32\VERSION.dll
0x00007fffedb30000 - 0x00007fffedb57000 	C:\WINDOWS\SYSTEM32\WINMM.dll
0x00007fffe4870000 - 0x00007fffe4879000 	C:\WINDOWS\SYSTEM32\WSOCK32.dll
0x00007ffff8ad0000 - 0x00007ffff8b3b000 	C:\WINDOWS\System32\WS2_32.dll
0x00007ffff4d80000 - 0x00007ffff4d92000 	C:\WINDOWS\SYSTEM32\kernel.appcore.dll
0x00007ffff46b0000 - 0x00007ffff46ba000 	C:\Users\lenovo\.jdks\openjdk-20.0.2\bin\jimage.dll
0x00007ffff7600000 - 0x00007ffff77e4000 	C:\WINDOWS\SYSTEM32\DBGHELP.DLL
0x00007ffff75c0000 - 0x00007ffff75f4000 	C:\WINDOWS\SYSTEM32\dbgcore.DLL
0x00007ffff7e00000 - 0x00007ffff7e82000 	C:\WINDOWS\System32\bcryptPrimitives.dll
0x00007ffff2920000 - 0x00007ffff292e000 	C:\Users\lenovo\.jdks\openjdk-20.0.2\bin\instrument.dll
0x00007fffea160000 - 0x00007fffea186000 	C:\Users\lenovo\.jdks\openjdk-20.0.2\bin\java.dll
0x00007fffc3080000 - 0x00007fffc3157000 	C:\Users\lenovo\.jdks\openjdk-20.0.2\bin\jsvml.dll
0x00007ffff93b0000 - 0x00007ffff9b1b000 	C:\WINDOWS\System32\SHELL32.dll
0x00007ffff5080000 - 0x00007ffff581d000 	C:\WINDOWS\SYSTEM32\windows.storage.dll
0x00007ffff9040000 - 0x00007ffff9393000 	C:\WINDOWS\System32\combase.dll
0x00007ffff6fc0000 - 0x00007ffff6fee000 	C:\WINDOWS\SYSTEM32\Wldp.dll
0x00007ffff9c70000 - 0x00007ffff9d3d000 	C:\WINDOWS\System32\OLEAUT32.dll
0x00007ffff9b20000 - 0x00007ffff9bcd000 	C:\WINDOWS\System32\SHCORE.dll
0x00007ffff8680000 - 0x00007ffff86d5000 	C:\WINDOWS\System32\shlwapi.dll
0x00007ffff7c30000 - 0x00007ffff7c54000 	C:\WINDOWS\SYSTEM32\profapi.dll
0x00007fffe69e0000 - 0x00007fffe69f8000 	C:\Users\lenovo\.jdks\openjdk-20.0.2\bin\zip.dll
0x00007fffe7620000 - 0x00007fffe7633000 	C:\Users\lenovo\.jdks\openjdk-20.0.2\bin\net.dll
0x00007fffeb790000 - 0x00007fffeb89a000 	C:\WINDOWS\SYSTEM32\WINHTTP.dll
0x00007ffff6d20000 - 0x00007ffff6d8a000 	C:\WINDOWS\system32\mswsock.dll
0x00007fffe6d90000 - 0x00007fffe6da6000 	C:\Users\lenovo\.jdks\openjdk-20.0.2\bin\nio.dll
0x00007fffe6390000 - 0x00007fffe63aa000 	C:\Program Files\JetBrains\IntelliJ IDEA Community Edition 2023.3.2\bin\breakgen64.dll
0x00007ffff0480000 - 0x00007ffff0487000 	C:\Users\lenovo\.jdks\openjdk-20.0.2\bin\extnet.dll
0x00007ffff03c0000 - 0x00007ffff03ce000 	C:\Users\lenovo\.jdks\openjdk-20.0.2\bin\sunmscapi.dll
0x00007ffff8220000 - 0x00007ffff837e000 	C:\WINDOWS\System32\CRYPT32.dll
0x00007ffff7030000 - 0x00007ffff7059000 	C:\WINDOWS\SYSTEM32\ncrypt.dll
0x00007ffff6ff0000 - 0x00007ffff702b000 	C:\WINDOWS\SYSTEM32\NTASN1.dll
0x00007ffff7990000 - 0x00007ffff79a8000 	C:\WINDOWS\SYSTEM32\CRYPTSP.dll
0x00007ffff66a0000 - 0x00007ffff66d4000 	C:\WINDOWS\system32\rsaenh.dll
0x00007ffff7ba0000 - 0x00007ffff7bce000 	C:\WINDOWS\SYSTEM32\USERENV.dll
0x00007ffff6f30000 - 0x00007ffff6f3c000 	C:\WINDOWS\SYSTEM32\CRYPTBASE.dll
0x00007ffff6a00000 - 0x00007ffff6a3b000 	C:\WINDOWS\SYSTEM32\IPHLPAPI.DLL
0x00007ffff8b40000 - 0x00007ffff8b48000 	C:\WINDOWS\System32\NSI.dll
0x00007fffeba40000 - 0x00007fffeba57000 	C:\WINDOWS\SYSTEM32\dhcpcsvc6.DLL
0x00007fffeea00000 - 0x00007fffeea1d000 	C:\WINDOWS\SYSTEM32\dhcpcsvc.DLL
0x00007ffff6a40000 - 0x00007ffff6b0b000 	C:\WINDOWS\SYSTEM32\DNSAPI.dll
0x00007ffff0460000 - 0x00007ffff046a000 	C:\Users\lenovo\.jdks\openjdk-20.0.2\bin\management.dll
0x00007ffff0410000 - 0x00007ffff041b000 	C:\Users\lenovo\.jdks\openjdk-20.0.2\bin\management_ext.dll
0x00007ffff8980000 - 0x00007ffff8988000 	C:\WINDOWS\System32\PSAPI.DLL
0x00007fffef540000 - 0x00007fffef550000 	C:\Users\lenovo\.jdks\openjdk-20.0.2\bin\verify.dll
0x00007fffedb20000 - 0x00007fffedb2a000 	C:\Windows\System32\rasadhlp.dll
0x00007fffe5890000 - 0x00007fffe5910000 	C:\WINDOWS\System32\fwpuclnt.dll
0x00007fffee720000 - 0x00007fffee727000 	C:\WINDOWS\system32\wshunix.dll

dbghelp: loaded successfully - version: 4.0.5 - missing functions: none
symbol engine: initialized successfully - sym options: 0x614 - pdb path: .;C:\Users\lenovo\.jdks\openjdk-20.0.2\bin;C:\WINDOWS\SYSTEM32;C:\Program Files\AVG\Antivirus;C:\WINDOWS\WinSxS\amd64_microsoft.windows.common-controls_6595b64144ccf1df_6.0.19041.4355_none_60b8b9eb71f62e16;C:\Users\lenovo\.jdks\openjdk-20.0.2\bin\server;C:\Program Files\JetBrains\IntelliJ IDEA Community Edition 2023.3.2\bin

VM Arguments:
jvm_args: -javaagent:C:\Program Files\JetBrains\IntelliJ IDEA Community Edition 2023.3.2\lib\idea_rt.jar=59818:C:\Program Files\JetBrains\IntelliJ IDEA Community Edition 2023.3.2\bin -Dfile.encoding=UTF-8 -Dsun.stdout.encoding=UTF-8 -Dsun.stderr.encoding=UTF-8 
java_command: com.sandeep.JobHub.HospitalApplication
java_class_path (initial): C:\Users\lenovo\Downloads\Hospital123\Hospital\target\classes;C:\Users\lenovo\.m2\repository\org\springframework\boot\spring-boot-starter-data-jpa\3.3.0\spring-boot-starter-data-jpa-3.3.0.jar;C:\Users\lenovo\.m2\repository\org\springframework\boot\spring-boot-starter-aop\3.3.0\spring-boot-starter-aop-3.3.0.jar;C:\Users\lenovo\.m2\repository\org\aspectj\aspectjweaver\1.9.22\aspectjweaver-1.9.22.jar;C:\Users\lenovo\.m2\repository\org\springframework\boot\spring-boot-starter-jdbc\3.3.0\spring-boot-starter-jdbc-3.3.0.jar;C:\Users\lenovo\.m2\repository\com\zaxxer\HikariCP\5.1.0\HikariCP-5.1.0.jar;C:\Users\lenovo\.m2\repository\org\springframework\spring-jdbc\6.1.8\spring-jdbc-6.1.8.jar;C:\Users\lenovo\.m2\repository\org\hibernate\orm\hibernate-core\6.5.2.Final\hibernate-core-6.5.2.Final.jar;C:\Users\lenovo\.m2\repository\jakarta\persistence\jakarta.persistence-api\3.1.0\jakarta.persistence-api-3.1.0.jar;C:\Users\lenovo\.m2\repository\jakarta\transaction\jakarta.transaction-api\2.0.1\jakarta.transaction-api-2.0.1.jar;C:\Users\lenovo\.m2\repository\org\jboss\logging\jboss-logging\3.5.3.Final\jboss-logging-3.5.3.Final.jar;C:\Users\lenovo\.m2\repository\org\hibernate\common\hibernate-commons-annotations\6.0.6.Final\hibernate-commons-annotations-6.0.6.Final.jar;C:\Users\lenovo\.m2\repository\io\smallrye\jandex\3.1.2\jandex-3.1.2.jar;C:\Users\lenovo\.m2\repository\com\fasterxml\classmate\1.7.0\classmate-1.7.0.jar;C:\Users\lenovo\.m2\repository\net\bytebuddy\byte-buddy\1.14.16\byte-buddy-1.14.16.jar;C:\Users\lenovo\.m2\repository\org\glassfish\jaxb\jaxb-runtime\4.0.5\jaxb-runtime-4.0.5.jar;C:\Users\lenovo\.m2\repository\org\glassfish\jaxb\jaxb-core\4.0.5\jaxb-core-4.0.5.jar;C:\Users\lenovo\.m2\repository\org\eclipse\angus\angus-activation\2.0.2\angus-activation-2.0.2.jar;C:\Users\lenovo\.m2\repository\org\glassfish\jaxb\txw2\4.0.5\txw2-4.0.5.jar;C:\Users\lenovo\.m2\repository\com\sun\istack\istack-commons-runtime\4.1.2\istack-commons-runtime-4.1.2.jar;C:\Users\lenovo\.m2\repository\jakarta\inject\jakarta.inject-api\2.0.1\jakarta.inject-api-2.0.1.jar;C:\Users\lenovo\.m2\repository\org\antlr\antlr4-runtime\4.13.0\antlr4-runtime-4.13.0.jar;C:\Users\lenovo\.m2\repository\org\springframework\data\spring-data-jpa\3.3.0\spring-data-jpa-3.3.0.jar;C:\Users\lenovo\.m2\repository\org\springframework\data\spring-data-commons\3.3.0\spring-data-commons-3.3.0.jar;C:\Users\lenovo\.m2\repository\org\springframework\spring-orm\6.1.8\spring-orm-6.1.8.jar;C:\Users\lenovo\.m2\repository\org\springframework\spring-context\6.1.8\spring-context-6.1.8.jar;C:\Users\lenovo\.m2\repository\org\springframework\spring-tx\6.1.8\spring-tx-6.1.8.jar;C:\Users\lenovo\.m2\repository\org\springframework\spring-beans\6.1.8\spring-beans-6.1.8.jar;C:\Users\lenovo\.m2\repository\jakarta\annotation\jakarta.annotation-api\2.1.1\jakarta.annotation-api-2.1.1.jar;C:\Users\lenovo\.m2\repository\org\slf4j\slf4j-api\2.0.13\slf4j-api-2.0.13.jar;C:\Users\lenovo\.m2\repository\org\springframework\spring-aspects\6.1.8\spring-aspects-6.1.8.jar;C:\Users\lenovo\.m2\repository\org\springframework\boot\spring-boot-starter-security\3.3.0\spring-boot-starter-security-3.3.0.jar;C:\Users\lenovo\.m2\repository\org\springframework\boot\spring-boot-starter\3.3.0\spring-boot-starter-3.3.0.jar;C:\Users\lenovo\.m2\repository\org\springframework\boot\spring-boot\3.3.0\spring-boot-3.3.0.jar;C:\Users\lenovo\.m2\repository\org\springframework\boot\spring-boot-autoconfigure\3.3.0\spring-boot-autoconfigure-3.3.0.jar;C:\Users\lenovo\.m2\repository\org\springframework\boot\spring-boot-starter-logging\3.3.0\spring-boot-starter-logging-3.3.0.jar;C:\Users\lenovo\.m2\repository\ch\qos\logback\logback-classic\1.5.6\logback-classic-1.5.6.jar;C:\Users\lenovo\.m2\repository\ch\qos\logback\logback-core\1.5.6\logback-core-1.5.6.jar;C:\Users\lenovo\.m2\repository\org\apache\logging\log4j\log4j-to-slf4j\2.23.1\log4j-to-slf4j-2.23.1.jar;C:\Users\lenovo\.m2\repository\org\apache\logging\log4j\log4j-api\2.23.1\log4j-api-2.23.1.jar;C:\Users\lenovo\.m2\repository\org\slf4j\jul-to-slf4j\2.0.13\jul-to-slf4j-2.0.13.jar;C:\Users\lenovo\.m2\repository\org\yaml\snakeyaml\2.2\snakeyaml-2.2.jar;C:\Users\lenovo\.m2\repository\org\springframework\spring-aop\6.1.8\spring-aop-6.1.8.jar;C:\Users\lenovo\.m2\repository\org\springframework\security\spring-security-config\6.3.0\spring-security-config-6.3.0.jar;C:\Users\lenovo\.m2\repository\org\springframework\security\spring-security-web\6.3.0\spring-security-web-6.3.0.jar;C:\Users\lenovo\.m2\repository\org\springframework\spring-expression\6.1.8\spring-expression-6.1.8.jar;C:\Users\lenovo\.m2\repository\org\springframework\boot\spring-boot-starter-web\3.3.0\spring-boot-starter-web-3.3.0.jar;C:\Users\lenovo\.m2\repository\org\springframework\boot\spring-boot-starter-json\3.3.0\spring-boot-starter-json-3.3.0.jar;C:\Users\lenovo\.m2\repository\com\fasterxml\jackson\datatype\jackson-datatype-jdk8\2.17.1\jackson-datatype-jdk8-2.17.1.jar;C:\Users\lenovo\.m2\repository\com\fasterxml\jackson\datatype\jackson-datatype-jsr310\2.17.1\jackson-datatype-jsr310-2.17.1.jar;C:\Users\lenovo\.m2\repository\com\fasterxml\jackson\module\jackson-module-parameter-names\2.17.1\jackson-module-parameter-names-2.17.1.jar;C:\Users\lenovo\.m2\repository\org\springframework\boot\spring-boot-starter-tomcat\3.3.0\spring-boot-starter-tomcat-3.3.0.jar;C:\Users\lenovo\.m2\repository\org\apache\tomcat\embed\tomcat-embed-core\10.1.24\tomcat-embed-core-10.1.24.jar;C:\Users\lenovo\.m2\repository\org\apache\tomcat\embed\tomcat-embed-el\10.1.24\tomcat-embed-el-10.1.24.jar;C:\Users\lenovo\.m2\repository\org\apache\tomcat\embed\tomcat-embed-websocket\10.1.24\tomcat-embed-websocket-10.1.24.jar;C:\Users\lenovo\.m2\repository\org\springframework\spring-web\6.1.8\spring-web-6.1.8.jar;C:\Users\lenovo\.m2\repository\io\micrometer\micrometer-observation\1.13.0\micrometer-observation-1.13.0.jar;C:\Users\lenovo\.m2\repository\io\micrometer\micrometer-commons\1.13.0\micrometer-commons-1.13.0.jar;C:\Users\lenovo\.m2\repository\org\springframework\spring-webmvc\6.1.8\spring-webmvc-6.1.8.jar;C:\Users\lenovo\.m2\repository\io\jsonwebtoken\jjwt-api\0.11.5\jjwt-api-0.11.5.jar;C:\Users\lenovo\.m2\repository\io\jsonwebtoken\jjwt-impl\0.11.5\jjwt-impl-0.11.5.jar;C:\Users\lenovo\.m2\repository\io\jsonwebtoken\jjwt-jackson\0.11.5\jjwt-jackson-0.11.5.jar;C:\Users\lenovo\.m2\repository\com\fasterxml\jackson\core\jackson-databind\2.17.1\jackson-databind-2.17.1.jar;C:\Users\lenovo\.m2\repository\com\fasterxml\jackson\core\jackson-annotations\2.17.1\jackson-annotations-2.17.1.jar;C:\Users\lenovo\.m2\repository\com\fasterxml\jackson\core\jackson-core\2.17.1\jackson-core-2.17.1.jar;C:\Users\lenovo\.m2\repository\com\mysql\mysql-connector-j\8.3.0\mysql-connector-j-8.3.0.jar;C:\Users\lenovo\.m2\repository\org\projectlombok\lombok\1.18.32\lombok-1.18.32.jar;C:\Users\lenovo\.m2\repository\jakarta\xml\bind\jakarta.xml.bind-api\4.0.2\jakarta.xml.bind-api-4.0.2.jar;C:\Users\lenovo\.m2\repository\jakarta\activation\jakarta.activation-api\2.1.3\jakarta.activation-api-2.1.3.jar;C:\Users\lenovo\.m2\repository\org\springframework\spring-core\6.1.8\spring-core-6.1.8.jar;C:\Users\lenovo\.m2\repository\org\springframework\spring-jcl\6.1.8\spring-jcl-6.1.8.jar;C:\Users\lenovo\.m2\repository\org\springframework\security\spring-security-core\6.3.0\spring-security-core-6.3.0.jar;C:\Users\lenovo\.m2\repository\org\springframework\security\spring-security-crypto\6.3.0\spring-security-crypto-6.3.0.jar
Launcher Type: SUN_STANDARD

[Global flags]
     intx CICompilerCount                          = 3                                         {product} {ergonomic}
     uint ConcGCThreads                            = 1                                         {product} {ergonomic}
     uint G1ConcRefinementThreads                  = 4                                         {product} {ergonomic}
   size_t G1HeapRegionSize                         = 1048576                                   {product} {ergonomic}
    uintx GCDrainStackTargetSize                   = 64                                        {product} {ergonomic}
   size_t InitialHeapSize                          = 58720256                                  {product} {ergonomic}
   size_t MarkStackSize                            = 4194304                                   {product} {ergonomic}
   size_t MaxHeapSize                              = 908066816                                 {product} {ergonomic}
   size_t MaxNewSize                               = 544210944                                 {product} {ergonomic}
   size_t MinHeapDeltaBytes                        = 1048576                                   {product} {ergonomic}
   size_t MinHeapSize                              = 8388608                                   {product} {ergonomic}
    uintx NonNMethodCodeHeapSize                   = 5832780                                {pd product} {ergonomic}
    uintx NonProfiledCodeHeapSize                  = 122912730                              {pd product} {ergonomic}
    uintx ProfiledCodeHeapSize                     = 122912730                              {pd product} {ergonomic}
    uintx ReservedCodeCacheSize                    = 251658240                              {pd product} {ergonomic}
     bool SegmentedCodeCache                       = true                                      {product} {ergonomic}
   size_t SoftMaxHeapSize                          = 908066816                              {manageable} {ergonomic}
     bool UseCompressedClassPointers               = true                           {product lp64_product} {ergonomic}
     bool UseCompressedOops                        = true                           {product lp64_product} {ergonomic}
     bool UseG1GC                                  = true                                      {product} {ergonomic}
     bool UseLargePagesIndividualAllocation        = false                                  {pd product} {ergonomic}

Logging:
Log output configuration:
 #0: stdout all=warning uptime,level,tags foldmultilines=false
 #1: stderr all=off uptime,level,tags foldmultilines=false

Environment Variables:
PATH=C:\Program Files\Common Files\Oracle\Java\javapath;C:\WINDOWS\system32;C:\WINDOWS;C:\WINDOWS\System32\Wbem;C:\WINDOWS\System32\WindowsPowerShell\v1.0\;C:\Program Files\MySQL\MySQL Server 8.0\bin;C:\Program Files\Git\cmd;C:\Program Files\nodejs\;C:\ProgramData\chocolatey\bin;C:\Users\lenovo\Desktop\java\apache-maven-3.9.6\bin;C:\Program Files\MySQL\MySQL Shell 8.0\bin\;C:\Users\lenovo\AppData\Local\Programs\Python\Python39\Scripts\;C:\Users\lenovo\AppData\Local\Programs\Python\Python39\;C:\Users\lenovo\AppData\Local\Microsoft\WindowsApps;C:\Users\lenovo\AppData\Local\Programs\Microsoft VS Code\bin;C:\Users\lenovo\AppData\Local\GitHubDesktop\bin;C:\Program Files\JetBrains\IntelliJ IDEA Community Edition 2022.2.2\bin;;?C:\mysql-connector-j-8.0.32.jar;C:\Users\lenovo\AppData\Roaming\npm
USERNAME=lenovo
OS=Windows_NT
PROCESSOR_IDENTIFIER=AMD64 Family 23 Model 24 Stepping 1, AuthenticAMD
TMP=C:\Users\lenovo\AppData\Local\Temp
TEMP=C:\Users\lenovo\AppData\Local\Temp




---------------  S Y S T E M  ---------------

OS:
 Windows 10 , 64 bit Build 19041 (10.0.19041.3636)
OS uptime: 21 days 4:30 hours

CPU: total 4 (initial active 4) (4 cores per cpu, 2 threads per core) family 23 model 24 stepping 1 microcode 0x0, cx8, cmov, fxsr, ht, mmx, 3dnowpref, sse, sse2, sse3, ssse3, sse4a, sse4.1, sse4.2, popcnt, lzcnt, tsc, tscinvbit, avx, avx2, aes, clmul, bmi1, bmi2, adx, sha, fma, vzeroupper, clflush, clflushopt, rdtscp, f16c

Memory: 4k page, system-wide physical 3460M (361M free)
TotalPageFile size 14212M (AvailPageFile size 5M)
current process WorkingSet (physical memory assigned to process): 187M, peak: 248M
current process commit charge ("private bytes"): 300M, peak: 305M

vm_info: OpenJDK 64-Bit Server VM (20.0.2+9-78) for windows-amd64 JRE (20.0.2+9-78), built on 2023-06-14T10:08:48Z by "mach5one" with MS VC++ 17.1 (VS2022)

END.
